2023-04-18 20:48:06 INFO  Log:15 - $$$$$$$$$$$$$$$$$$$
2023-04-18 20:48:06 INFO  Log:16 - $$$$$$$$$$$$$$$$$$$
2023-04-18 20:48:06 INFO  Log:17 - $$$$$$$$This is the beginning of my Test case$$$$$$$$$$$$$
2023-04-18 20:48:06 INFO  Log:26 - My test case is executing right now
2023-04-18 20:48:06 INFO  Log:29 - My test case might have some trivial issues
2023-04-18 20:48:19 INFO  Log:26 - This test case is about to get completed
2023-04-18 20:48:19 INFO  Log:20 - *************
2023-04-18 20:48:19 INFO  Log:21 - *************
2023-04-18 20:48:19 INFO  Log:22 - *************This test case is finished*************
2023-05-13 12:36:26 INFO  Log:15 - $$$$$$$$$$$$$$$$$$$
2023-05-13 12:36:26 INFO  Log:16 - $$$$$$$$$$$$$$$$$$$
2023-05-13 12:36:26 INFO  Log:17 - $$$$$$$$This is the beginning of my Test case$$$$$$$$$$$$$
2023-05-13 12:36:26 INFO  Log:26 - My test case is executing right now
2023-05-13 12:36:26 INFO  Log:29 - My test case might have some trivial issues
2023-05-13 12:36:33 INFO  Log:26 - This test case is about to get completed
2023-05-13 12:36:33 INFO  Log:20 - *************
2023-05-13 12:36:33 INFO  Log:21 - *************
2023-05-13 12:36:33 INFO  Log:22 - *************This test case is finished*************
2023-05-13 12:40:25 INFO  Log:15 - $$$$$$$$$$$$$$$$$$$
2023-05-13 12:40:25 INFO  Log:16 - $$$$$$$$$$$$$$$$$$$
2023-05-13 12:40:25 INFO  Log:17 - $$$$$$$$This is the beginning of my Test case$$$$$$$$$$$$$
2023-05-13 12:40:25 INFO  Log:26 - My test case is executing right now
2023-05-13 12:40:25 INFO  Log:29 - My test case might have some trivial issues
2023-05-13 12:40:34 INFO  Log:26 - This test case is about to get completed
2023-05-13 12:40:34 INFO  Log:20 - *************
2023-05-13 12:40:34 INFO  Log:21 - *************
2023-05-13 12:40:34 INFO  Log:22 - *************This test case is finished*************
2023-05-13 12:42:02 INFO  Log:15 - $$$$$$$$$$$$$$$$$$$
2023-05-13 12:42:02 INFO  Log:16 - $$$$$$$$$$$$$$$$$$$
2023-05-13 12:42:02 INFO  Log:17 - $$$$$$$$This is the beginning of my Test case$$$$$$$$$$$$$
2023-05-13 12:42:02 INFO  Log:26 - My test case is executing right now
2023-05-13 12:42:02 INFO  Log:29 - My test case might have some trivial issues
2023-05-13 12:42:14 INFO  Log:26 - This test case is about to get completed
2023-05-13 12:42:14 INFO  Log:20 - *************
2023-05-13 12:42:14 INFO  Log:21 - *************
2023-05-13 12:42:14 INFO  Log:22 - *************This test case is finished*************
2023-05-13 12:47:08 INFO  Log:15 - $$$$$$$$$$$$$$$$$$$
2023-05-13 12:47:08 INFO  Log:16 - $$$$$$$$$$$$$$$$$$$
2023-05-13 12:47:08 INFO  Log:17 - $$$$$$$$This is the beginning of my Test case$$$$$$$$$$$$$
2023-05-13 12:47:08 INFO  Log:26 - My test case is executing right now
2023-05-13 12:47:08 INFO  Log:29 - My test case might have some trivial issues
2023-05-13 12:47:18 INFO  Log:26 - This test case is about to get completed
2023-05-13 12:47:18 INFO  Log:20 - *************
2023-05-13 12:47:18 INFO  Log:21 - *************
2023-05-13 12:47:18 INFO  Log:22 - *************This test case is finished*************
2023-05-13 12:56:13 INFO  Log:15 - $$$$$$$$$$$$$$$$$$$
2023-05-13 12:56:13 INFO  Log:16 - $$$$$$$$$$$$$$$$$$$
2023-05-13 12:56:13 INFO  Log:17 - $$$$$$$$This is the beginning of my Test case$$$$$$$$$$$$$
2023-05-13 12:56:13 INFO  Log:26 - My test case is executing right now
2023-05-13 12:56:13 INFO  Log:29 - My test case might have some trivial issues
2023-05-13 12:56:20 INFO  Log:26 - This test case is about to get completed
2023-05-13 12:56:20 INFO  Log:20 - *************
2023-05-13 12:56:20 INFO  Log:21 - *************
2023-05-13 12:56:20 INFO  Log:22 - *************This test case is finished*************
2023-05-13 13:45:31 INFO  Log:15 - $$$$$$$$$$$$$$$$$$$
2023-05-13 13:45:31 INFO  Log:16 - $$$$$$$$$$$$$$$$$$$
2023-05-13 13:45:31 INFO  Log:17 - $$$$$$$$This is the beginning of my Test case$$$$$$$$$$$$$
2023-05-13 13:45:31 INFO  Log:26 - My test case is executing right now
2023-05-13 13:45:31 INFO  Log:29 - My test case might have some trivial issues
2023-05-13 13:45:45 INFO  Log:26 - This test case is about to get completed
2023-05-13 13:45:45 INFO  Log:20 - *************
2023-05-13 13:45:45 INFO  Log:21 - *************
2023-05-13 13:45:45 INFO  Log:22 - *************This test case is finished*************
2023-05-13 13:48:21 INFO  Log:15 - $$$$$$$$$$$$$$$$$$$
2023-05-13 13:48:21 INFO  Log:16 - $$$$$$$$$$$$$$$$$$$
2023-05-13 13:48:21 INFO  Log:17 - $$$$$$$$This is the beginning of my Test case$$$$$$$$$$$$$
2023-05-13 13:48:21 INFO  Log:26 - My test case is executing right now
2023-05-13 13:48:21 INFO  Log:29 - My test case might have some trivial issues
2023-05-13 13:48:37 INFO  Log:26 - This test case is about to get completed
2023-05-13 13:48:37 INFO  Log:20 - *************
2023-05-13 13:48:37 INFO  Log:21 - *************
2023-05-13 13:48:37 INFO  Log:22 - *************This test case is finished*************
2023-05-30 21:35:18 INFO  Log:15 - $$$$$$$$$$$$$$$$$$$
2023-05-30 21:35:18 INFO  Log:16 - $$$$$$$$$$$$$$$$$$$
2023-05-30 21:35:18 INFO  Log:17 - $$$$$$$$This is the beginning of my Test case$$$$$$$$$$$$$
2023-05-30 21:35:18 INFO  Log:26 - My test case is executing right now
2023-05-30 21:35:18 INFO  Log:29 - My test case might have some trivial issues
2023-05-30 21:35:35 INFO  Log:26 - This test case is about to get completed
2023-05-30 21:35:35 INFO  Log:20 - *************
2023-05-30 21:35:35 INFO  Log:21 - *************
2023-05-30 21:35:35 INFO  Log:22 - *************This test case is finished*************
2023-05-30 21:40:39 INFO  Log:15 - $$$$$$$$$$$$$$$$$$$
2023-05-30 21:40:39 INFO  Log:16 - $$$$$$$$$$$$$$$$$$$
2023-05-30 21:40:39 INFO  Log:17 - $$$$$$$$This is the beginning of my Test case$$$$$$$$$$$$$
2023-05-30 21:40:39 INFO  Log:26 - My test case is executing right now
2023-05-30 21:40:39 INFO  Log:29 - My test case might have some trivial issues
2023-05-30 21:40:59 INFO  Log:26 - This test case is about to get completed
2023-05-30 21:40:59 INFO  Log:20 - *************
2023-05-30 21:40:59 INFO  Log:21 - *************
2023-05-30 21:40:59 INFO  Log:22 - *************This test case is finished*************
2023-05-30 21:43:49 INFO  Log:15 - $$$$$$$$$$$$$$$$$$$
2023-05-30 21:43:49 INFO  Log:16 - $$$$$$$$$$$$$$$$$$$
2023-05-30 21:43:49 INFO  Log:17 - $$$$$$$$This is the beginning of my Test case$$$$$$$$$$$$$
2023-05-30 21:43:49 INFO  Log:26 - My test case is executing right now
2023-05-30 21:43:49 INFO  Log:29 - My test case might have some trivial issues
2023-05-30 21:44:22 INFO  Log:26 - This test case is about to get completed
2023-05-30 21:44:22 INFO  Log:20 - *************
2023-05-30 21:44:22 INFO  Log:21 - *************
2023-05-30 21:44:22 INFO  Log:22 - *************This test case is finished*************
